Started GET "/" for ::1 at 2019-10-23 21:48:01 -0500
  
ActiveRecord::PendingMigrationError (

Migrations are pending. To resolve this issue, run:

        bin/rails db:migrate RAILS_ENV=development

):
  
activerecord (5.2.3) lib/active_record/migration.rb:579:in `check_pending!'
activerecord (5.2.3) lib/active_record/migration.rb:556:in `call'
actionpack (5.2.3) lib/action_dispatch/middleware/callbacks.rb:28:in `block in call'
activesupport (5.2.3) lib/active_support/callbacks.rb:98:in `run_callbacks'
actionpack (5.2.3) lib/action_dispatch/middleware/callbacks.rb:26:in `call'
actionpack (5.2.3) lib/action_dispatch/middleware/executor.rb:14:in `call'
actionpack (5.2.3) lib/action_dispatch/middleware/debug_exceptions.rb:61:in `call'
web-console (3.7.0) lib/web_console/middleware.rb:135:in `call_app'
web-console (3.7.0) lib/web_console/middleware.rb:30:in `block in call'
web-console (3.7.0) lib/web_console/middleware.rb:20:in `catch'
web-console (3.7.0) lib/web_console/middleware.rb:20:in `call'
actionpack (5.2.3) lib/action_dispatch/middleware/show_exceptions.rb:33:in `call'
railties (5.2.3) lib/rails/rack/logger.rb:38:in `call_app'
railties (5.2.3) lib/rails/rack/logger.rb:26:in `block in call'
activesupport (5.2.3) lib/active_support/tagged_logging.rb:71:in `block in tagged'
activesupport (5.2.3) lib/active_support/tagged_logging.rb:28:in `tagged'
activesupport (5.2.3) lib/active_support/tagged_logging.rb:71:in `tagged'
railties (5.2.3) lib/rails/rack/logger.rb:26:in `call'
sprockets-rails (3.2.1) lib/sprockets/rails/quiet_assets.rb:13:in `call'
actionpack (5.2.3) lib/action_dispatch/middleware/remote_ip.rb:81:in `call'
actionpack (5.2.3) lib/action_dispatch/middleware/request_id.rb:27:in `call'
rack (2.0.7) lib/rack/method_override.rb:22:in `call'
rack (2.0.7) lib/rack/runtime.rb:22:in `call'
activesupport (5.2.3) lib/active_support/cache/strategy/local_cache_middleware.rb:29:in `call'
actionpack (5.2.3) lib/action_dispatch/middleware/executor.rb:14:in `call'
actionpack (5.2.3) lib/action_dispatch/middleware/static.rb:127:in `call'
rack (2.0.7) lib/rack/sendfile.rb:111:in `call'
railties (5.2.3) lib/rails/engine.rb:524:in `call'
puma (3.12.1) lib/puma/configuration.rb:227:in `call'
puma (3.12.1) lib/puma/server.rb:660:in `handle_request'
puma (3.12.1) lib/puma/server.rb:474:in `process_client'
puma (3.12.1) lib/puma/server.rb:334:in `block in run'
puma (3.12.1) lib/puma/thread_pool.rb:135:in `block in spawn_thread'
  [1m[35m (0.1ms)[0m  [1m[34mSELECT sqlite_version(*)[0m
  ↳ bin/rails:9
  [1m[35m (1096.8ms)[0m  [1m[35mCREATE TABLE "schema_migrations" ("version" varchar NOT NULL PRIMARY KEY)[0m
  ↳ bin/rails:9
  [1m[35m (154.0ms)[0m  [1m[35mCREATE TABLE "ar_internal_metadata" ("key" varchar NOT NULL PRIMARY KEY, "value" varchar, "created_at" datetime NOT NULL, "updated_at" datetime NOT NULL)[0m
  ↳ bin/rails:9
  [1m[35m (0.4ms)[0m  [1m[34mSELECT "schema_migrations"."version" FROM "schema_migrations" ORDER BY "schema_migrations"."version" ASC[0m
  ↳ bin/rails:9
Migrating to CreateDepartments (20190916172152)
  [1m[35m (0.1ms)[0m  [1m[36mbegin transaction[0m
  ↳ bin/rails:9
  [1m[35m (2.1ms)[0m  [1m[35mCREATE TABLE "departments" ("id" integer PRIMARY KEY AUTOINCREMENT NOT NULL, "name" varchar, "created_at" datetime NOT NULL, "updated_at" datetime NOT NULL)[0m
  ↳ db/migrate/20190916172152_create_departments.rb:3
  [1m[36mActiveRecord::SchemaMigration Create (0.3ms)[0m  [1m[32mINSERT INTO "schema_migrations" ("version") VALUES (?)[0m  [["version", "20190916172152"]]
  ↳ bin/rails:9
  [1m[35m (138.7ms)[0m  [1m[36mcommit transaction[0m
  ↳ bin/rails:9
Migrating to CreateSections (20190916172431)
  [1m[35m (0.1ms)[0m  [1m[36mbegin transaction[0m
  ↳ bin/rails:9
  [1m[35m (3.7ms)[0m  [1m[35mCREATE TABLE "sections" ("id" integer PRIMARY KEY AUTOINCREMENT NOT NULL, "name" varchar, "created_at" datetime NOT NULL, "updated_at" datetime NOT NULL)[0m
  ↳ db/migrate/20190916172431_create_sections.rb:3
  [1m[36mActiveRecord::SchemaMigration Create (0.8ms)[0m  [1m[32mINSERT INTO "schema_migrations" ("version") VALUES (?)[0m  [["version", "20190916172431"]]
  ↳ bin/rails:9
  [1m[35m (126.9ms)[0m  [1m[36mcommit transaction[0m
  ↳ bin/rails:9
Migrating to AddDepartmentToSection (20190916172534)
  [1m[35m (0.1ms)[0m  [1m[36mbegin transaction[0m
  ↳ bin/rails:9
  [1m[35m (3.9ms)[0m  [1m[35mALTER TABLE "sections" ADD "department_id" integer[0m
  ↳ db/migrate/20190916172534_add_department_to_section.rb:3
  [1m[36mActiveRecord::SchemaMigration Create (1.0ms)[0m  [1m[32mINSERT INTO "schema_migrations" ("version") VALUES (?)[0m  [["version", "20190916172534"]]
  ↳ bin/rails:9
  [1m[35m (139.0ms)[0m  [1m[36mcommit transaction[0m
  ↳ bin/rails:9
Migrating to CreateStudents (20190916173457)
  [1m[35m (0.2ms)[0m  [1m[36mbegin transaction[0m
  ↳ bin/rails:9
  [1m[35m (3.3ms)[0m  [1m[35mCREATE TABLE "students" ("id" integer PRIMARY KEY AUTOINCREMENT NOT NULL, "roll_no" integer, "name" varchar, "email" varchar, "created_at" datetime NOT NULL, "updated_at" datetime NOT NULL)[0m
  ↳ db/migrate/20190916173457_create_students.rb:3
  [1m[36mActiveRecord::SchemaMigration Create (0.8ms)[0m  [1m[32mINSERT INTO "schema_migrations" ("version") VALUES (?)[0m  [["version", "20190916173457"]]
  ↳ bin/rails:9
  [1m[35m (139.0ms)[0m  [1m[36mcommit transaction[0m
  ↳ bin/rails:9
Migrating to AddDepartmentToStudent (20190916173603)
  [1m[35m (0.1ms)[0m  [1m[36mbegin transaction[0m
  ↳ bin/rails:9
  [1m[35m (4.6ms)[0m  [1m[35mALTER TABLE "students" ADD "department_id" integer[0m
  ↳ db/migrate/20190916173603_add_department_to_student.rb:3
  [1m[36mActiveRecord::SchemaMigration Create (0.7ms)[0m  [1m[32mINSERT INTO "schema_migrations" ("version") VALUES (?)[0m  [["version", "20190916173603"]]
  ↳ bin/rails:9
  [1m[35m (136.8ms)[0m  [1m[36mcommit transaction[0m
  ↳ bin/rails:9
Migrating to AddSectionToStudent (20190916173815)
  [1m[35m (0.1ms)[0m  [1m[36mbegin transaction[0m
  ↳ bin/rails:9
  [1m[35m (4.3ms)[0m  [1m[35mALTER TABLE "students" ADD "section_id" integer[0m
  ↳ db/migrate/20190916173815_add_section_to_student.rb:3
  [1m[36mActiveRecord::SchemaMigration Create (0.8ms)[0m  [1m[32mINSERT INTO "schema_migrations" ("version") VALUES (?)[0m  [["version", "20190916173815"]]
  ↳ bin/rails:9
  [1m[35m (150.4ms)[0m  [1m[36mcommit transaction[0m
  ↳ bin/rails:9
Migrating to ChangeRollNoToBeStringInStudents (20191011113200)
  [1m[35m (0.1ms)[0m  [1m[36mbegin transaction[0m
  ↳ bin/rails:9
  [1m[35m (0.6ms)[0m  [1m[35mCREATE TEMPORARY TABLE "astudents" ("id" integer NOT NULL PRIMARY KEY, "roll_no" integer DEFAULT NULL, "name" varchar DEFAULT NULL, "email" varchar DEFAULT NULL, "created_at" datetime NOT NULL, "updated_at" datetime NOT NULL, "department_id" integer DEFAULT NULL, "section_id" integer DEFAULT NULL)[0m
  ↳ db/migrate/20191011113200_change_roll_no_to_be_string_in_students.rb:3
  [1m[35m (0.2ms)[0m  [1m[32mINSERT INTO "astudents" ("id","roll_no","name","email","created_at","updated_at","department_id","section_id")
                     SELECT "id","roll_no","name","email","created_at","updated_at","department_id","section_id" FROM "students"[0m
  ↳ db/migrate/20191011113200_change_roll_no_to_be_string_in_students.rb:3
  [1m[35m (3.5ms)[0m  [1m[35mDROP TABLE "students"[0m
  ↳ db/migrate/20191011113200_change_roll_no_to_be_string_in_students.rb:3
  [1m[35m (1.1ms)[0m  [1m[35mCREATE TABLE "students" ("id" integer NOT NULL PRIMARY KEY, "roll_no" varchar DEFAULT NULL, "name" varchar DEFAULT NULL, "email" varchar DEFAULT NULL, "created_at" datetime NOT NULL, "updated_at" datetime NOT NULL, "department_id" integer DEFAULT NULL, "section_id" integer DEFAULT NULL)[0m
  ↳ db/migrate/20191011113200_change_roll_no_to_be_string_in_students.rb:3
  [1m[35m (0.2ms)[0m  [1m[32mINSERT INTO "students" ("id","roll_no","name","email","created_at","updated_at","department_id","section_id")
                     SELECT "id","roll_no","name","email","created_at","updated_at","department_id","section_id" FROM "astudents"[0m
  ↳ db/migrate/20191011113200_change_roll_no_to_be_string_in_students.rb:3
  [1m[35m (0.4ms)[0m  [1m[35mDROP TABLE "astudents"[0m
  ↳ db/migrate/20191011113200_change_roll_no_to_be_string_in_students.rb:3
  [1m[36mActiveRecord::SchemaMigration Create (0.9ms)[0m  [1m[32mINSERT INTO "schema_migrations" ("version") VALUES (?)[0m  [["version", "20191011113200"]]
  ↳ bin/rails:9
  [1m[35m (142.9ms)[0m  [1m[36mcommit transaction[0m
  ↳ bin/rails:9
  [1m[36mActiveRecord::InternalMetadata Load (0.8ms)[0m  [1m[34mSELECT  "ar_internal_metadata".* FROM "ar_internal_metadata" WHERE "ar_internal_metadata"."key" = ? LIMIT ?[0m  [["key", "environment"], ["LIMIT", 1]]
  ↳ bin/rails:9
  [1m[35m (0.1ms)[0m  [1m[36mbegin transaction[0m
  ↳ bin/rails:9
  [1m[36mActiveRecord::InternalMetadata Create (2.9ms)[0m  [1m[32mINSERT INTO "ar_internal_metadata" ("key", "value", "created_at", "updated_at") VALUES (?, ?, ?, ?)[0m  [["key", "environment"], ["value", "development"], ["created_at", "2019-10-24 02:48:50.810011"], ["updated_at", "2019-10-24 02:48:50.810011"]]
  ↳ bin/rails:9
  [1m[35m (139.5ms)[0m  [1m[36mcommit transaction[0m
  ↳ bin/rails:9
  [1m[35m (0.6ms)[0m  [1m[34mSELECT "schema_migrations"."version" FROM "schema_migrations" ORDER BY "schema_migrations"."version" ASC[0m
  ↳ bin/rails:9
